2019-06-26 12:49:58 INFO  Log:50 - browser set to: chrome
2019-06-26 12:49:58 INFO  Log:50 - The browser used in this test: chrome
2019-06-26 12:49:58 INFO  Log:50 - The current operating system: WINDOWS 10
2019-06-26 12:49:58 INFO  Log:50 - The current architecture: amd64
2019-06-26 12:49:58 INFO  Log:50 - C:\Users\rdwill\AppData\Local\Google\Chrome\Application\chrome.exe exists!
2019-06-26 12:49:58 INFO  Log:50 - Using C:\Users\rdwill\AppData\Local\Google\Chrome\Application\chrome.exe as the chrome exe location
2019-06-26 12:50:03 INFO  Log:50 - Getting Method name: i_am_Eurosport_Customer
2019-06-26 12:50:03 INFO  Log:50 - url set to: https://video.eurosport.co.uk
2019-06-26 12:51:08 INFO  Log:50 - Navigating to: https://video.eurosport.co.uk
2019-06-26 12:51:08 INFO  Log:50 - Sleeping for 100 milliseconds...
2019-06-26 12:51:09 INFO  Log:50 - Element for I ACCEPT is displayed!
2019-06-26 12:51:09 INFO  Log:50 - Clicking on button named I ACCEPT
2019-06-26 12:51:09 INFO  Log:50 - Getting Method name: on_Videos_Hub_Page
2019-06-26 12:51:09 INFO  Log:50 - Sleeping for 100 milliseconds...
2019-06-26 12:51:09 INFO  Log:50 - Element for Shop Icon is displayed!
2019-06-26 12:52:08 INFO  Log:50 - Navigating to: https://video.eurosport.co.uk/
2019-06-26 12:52:08 INFO  Log:50 - Sleeping for 6000 milliseconds...
2019-06-26 12:53:21 INFO  Log:50 - Clicking on Link containing Text: News Videos
2019-06-26 12:53:21 INFO  Log:50 - The current page title is: Video Eurosport UK
2019-06-26 12:53:21 INFO  Log:50 - Getting Method name: i_select_to_watch_the_videos_from_Tennis_Section
2019-06-26 12:53:21 INFO  Log:50 - Sleeping for 100 milliseconds...
2019-06-26 12:53:21 INFO  Log:50 - Element for All Sports DropDwn List is displayed!
2019-06-26 12:53:21 INFO  Log:50 - Sleeping for 100 milliseconds...
2019-06-26 12:53:21 INFO  Log:50 - Element for All Sports DropDown List is displayed!
2019-06-26 12:53:21 INFO  Log:50 - Clicked on element named: All Sports DropDown List
2019-06-26 12:53:21 INFO  Log:50 - all sports is not the required item. Next...
2019-06-26 12:53:21 INFO  Log:50 - football is not the required item. Next...
2019-06-26 12:53:21 INFO  Log:50 - cycling is not the required item. Next...
2019-06-26 12:53:21 INFO  Log:50 - Tennis is selected from AllSports Dropdown List
2019-06-26 12:54:43 INFO  Log:50 - Navigating to: https://video.eurosport.co.uk/tennis
2019-06-26 12:54:43 INFO  Log:50 - Sleeping for 100 milliseconds...
2019-06-26 12:54:43 INFO  Log:50 - Element for Video On Row1 Column1 is displayed!
2019-06-26 12:55:24 INFO  Log:50 - Clicked on element named: Video On Row1 Column1
2019-06-26 12:55:24 INFO  Log:50 - Getting Method name: the_selected_video_is_playing
2019-06-26 12:55:24 INFO  Log:50 - Sleeping for 30000 milliseconds...
2019-06-26 12:55:54 INFO  Log:50 - Source: null
2019-06-26 12:55:54 INFO  Log:50 - Sleeping for 12000 milliseconds...
2019-06-26 12:56:06 INFO  Log:50 - Pausing Video...
2019-06-26 12:56:06 INFO  Log:50 - Sleeping for 100 milliseconds...
2019-06-26 12:56:06 INFO  Log:50 - Sleeping for 1000 milliseconds...
2019-06-26 12:56:07 INFO  Log:50 - Getting Method name: the_following_player_controls_are_displayed
2019-06-26 12:56:07 INFO  Log:50 - Was able to click the PlayPause Icon
2019-06-26 12:56:07 INFO  Log:50 - Sleeping for 1000 milliseconds...
2019-06-26 12:56:09 INFO  Log:50 - environment set to: local
2019-06-26 12:59:56 INFO  Log:50 - browser set to: chrome
2019-06-26 12:59:56 INFO  Log:50 - The browser used in this test: chrome
2019-06-26 12:59:56 INFO  Log:50 - The current operating system: WINDOWS 10
2019-06-26 12:59:56 INFO  Log:50 - The current architecture: amd64
2019-06-26 12:59:56 INFO  Log:50 - C:\Users\rdwill\AppData\Local\Google\Chrome\Application\chrome.exe exists!
2019-06-26 12:59:56 INFO  Log:50 - Using C:\Users\rdwill\AppData\Local\Google\Chrome\Application\chrome.exe as the chrome exe location
2019-06-26 13:00:01 INFO  Log:50 - Getting Method name: i_am_Eurosport_Customer
2019-06-26 13:00:01 INFO  Log:50 - url set to: https://video.eurosport.co.uk
2019-06-26 13:00:09 INFO  Log:50 - Navigating to: https://video.eurosport.co.uk
2019-06-26 13:00:09 INFO  Log:50 - Sleeping for 100 milliseconds...
2019-06-26 13:00:09 INFO  Log:50 - Element for I ACCEPT is displayed!
2019-06-26 13:00:09 INFO  Log:50 - Clicking on button named I ACCEPT
2019-06-26 13:00:09 INFO  Log:50 - Getting Method name: on_Videos_Hub_Page
2019-06-26 13:00:09 INFO  Log:50 - Sleeping for 100 milliseconds...
2019-06-26 13:00:09 INFO  Log:50 - Element for Shop Icon is displayed!
2019-06-26 13:00:12 INFO  Log:50 - Navigating to: https://video.eurosport.co.uk/
2019-06-26 13:00:12 INFO  Log:50 - Sleeping for 6000 milliseconds...
2019-06-26 13:00:21 INFO  Log:50 - Clicking on Link containing Text: News Videos
2019-06-26 13:00:21 INFO  Log:50 - The current page title is: Video Eurosport UK
2019-06-26 13:00:21 INFO  Log:50 - Getting Method name: i_select_to_watch_the_videos_from_Tennis_Section
2019-06-26 13:00:21 INFO  Log:50 - Sleeping for 100 milliseconds...
2019-06-26 13:00:21 INFO  Log:50 - Element for All Sports DropDwn List is displayed!
2019-06-26 13:00:21 INFO  Log:50 - Sleeping for 100 milliseconds...
2019-06-26 13:00:21 INFO  Log:50 - Element for All Sports DropDown List is displayed!
2019-06-26 13:00:21 INFO  Log:50 - Clicked on element named: All Sports DropDown List
2019-06-26 13:00:21 INFO  Log:50 - all sports is not the required item. Next...
2019-06-26 13:00:21 INFO  Log:50 - football is not the required item. Next...
2019-06-26 13:00:21 INFO  Log:50 - cycling is not the required item. Next...
2019-06-26 13:00:21 INFO  Log:50 - Tennis is selected from AllSports Dropdown List
2019-06-26 13:00:24 INFO  Log:50 - Navigating to: https://video.eurosport.co.uk/tennis
2019-06-26 13:00:24 INFO  Log:50 - Sleeping for 100 milliseconds...
2019-06-26 13:00:24 INFO  Log:50 - Element for Video On Row1 Column1 is displayed!
2019-06-26 13:00:29 INFO  Log:50 - Clicked on element named: Video On Row1 Column1
2019-06-26 13:00:29 INFO  Log:50 - Getting Method name: the_selected_video_is_playing
2019-06-26 13:00:29 INFO  Log:50 - Sleeping for 30000 milliseconds...
2019-06-26 13:00:59 INFO  Log:50 - Source: null
2019-06-26 13:00:59 INFO  Log:50 - Sleeping for 12000 milliseconds...
2019-06-26 13:01:11 INFO  Log:50 - Pausing Video...
2019-06-26 13:01:11 INFO  Log:50 - Sleeping for 100 milliseconds...
2019-06-26 13:01:11 INFO  Log:50 - Sleeping for 1000 milliseconds...
2019-06-26 13:01:12 INFO  Log:50 - Getting Method name: the_following_player_controls_are_displayed
2019-06-26 13:01:43 INFO  Log:50 - Was able to click the PlayPause Icon
2019-06-26 13:01:49 INFO  Log:50 - Sleeping for 1000 milliseconds...
2019-06-26 13:02:17 INFO  Log:50 - environment set to: local
2019-06-26 13:03:52 INFO  Log:50 - browser set to: chrome
2019-06-26 13:03:52 INFO  Log:50 - The browser used in this test: chrome
2019-06-26 13:03:52 INFO  Log:50 - The current operating system: WINDOWS 10
2019-06-26 13:03:52 INFO  Log:50 - The current architecture: amd64
2019-06-26 13:03:52 INFO  Log:50 - C:\Users\rdwill\AppData\Local\Google\Chrome\Application\chrome.exe exists!
2019-06-26 13:03:52 INFO  Log:50 - Using C:\Users\rdwill\AppData\Local\Google\Chrome\Application\chrome.exe as the chrome exe location
2019-06-26 13:03:57 INFO  Log:50 - Getting Method name: i_am_Eurosport_Customer
2019-06-26 13:03:57 INFO  Log:50 - url set to: https://video.eurosport.co.uk
2019-06-26 13:04:06 INFO  Log:50 - Navigating to: https://video.eurosport.co.uk
2019-06-26 13:04:06 INFO  Log:50 - Sleeping for 100 milliseconds...
2019-06-26 13:04:06 INFO  Log:50 - Element for I ACCEPT is displayed!
2019-06-26 13:04:06 INFO  Log:50 - Clicking on button named I ACCEPT
2019-06-26 13:04:06 INFO  Log:50 - Getting Method name: on_Videos_Hub_Page
2019-06-26 13:04:06 INFO  Log:50 - Sleeping for 100 milliseconds...
2019-06-26 13:04:06 INFO  Log:50 - Element for Shop Icon is displayed!
2019-06-26 13:04:11 INFO  Log:50 - Navigating to: https://video.eurosport.co.uk/
2019-06-26 13:04:11 INFO  Log:50 - Sleeping for 6000 milliseconds...
2019-06-26 13:04:20 INFO  Log:50 - Clicking on Link containing Text: News Videos
2019-06-26 13:04:20 INFO  Log:50 - The current page title is: Video Eurosport UK
2019-06-26 13:04:20 INFO  Log:50 - Getting Method name: i_select_to_watch_the_videos_from_Tennis_Section
2019-06-26 13:04:20 INFO  Log:50 - Sleeping for 100 milliseconds...
2019-06-26 13:04:20 INFO  Log:50 - Element for All Sports DropDwn List is displayed!
2019-06-26 13:04:20 INFO  Log:50 - Sleeping for 100 milliseconds...
2019-06-26 13:04:20 INFO  Log:50 - Element for All Sports DropDown List is displayed!
2019-06-26 13:04:20 INFO  Log:50 - Clicked on element named: All Sports DropDown List
2019-06-26 13:04:20 INFO  Log:50 - all sports is not the required item. Next...
2019-06-26 13:04:20 INFO  Log:50 - football is not the required item. Next...
2019-06-26 13:04:20 INFO  Log:50 - cycling is not the required item. Next...
2019-06-26 13:04:20 INFO  Log:50 - Tennis is selected from AllSports Dropdown List
2019-06-26 13:04:23 INFO  Log:50 - Navigating to: https://video.eurosport.co.uk/tennis
2019-06-26 13:04:23 INFO  Log:50 - Sleeping for 100 milliseconds...
2019-06-26 13:04:23 INFO  Log:50 - Element for Video On Row1 Column1 is displayed!
2019-06-26 13:04:26 INFO  Log:50 - Clicked on element named: Video On Row1 Column1
2019-06-26 13:04:26 INFO  Log:50 - Getting Method name: the_selected_video_is_playing
2019-06-26 13:04:26 INFO  Log:50 - Sleeping for 30000 milliseconds...
2019-06-26 13:04:56 INFO  Log:50 - Source: null
2019-06-26 13:04:56 INFO  Log:50 - Sleeping for 12000 milliseconds...
2019-06-26 13:05:08 INFO  Log:50 - Pausing Video...
2019-06-26 13:05:08 INFO  Log:50 - Sleeping for 100 milliseconds...
2019-06-26 13:05:08 INFO  Log:50 - Sleeping for 1000 milliseconds...
2019-06-26 13:05:09 INFO  Log:50 - Getting Method name: the_following_player_controls_are_displayed
2019-06-26 13:05:09 INFO  Log:50 - Was able to click the PlayPause Icon
2019-06-26 13:05:09 INFO  Log:50 - Sleeping for 1000 milliseconds...
2019-06-26 13:05:11 INFO  Log:50 - Was able to click the PlayPause Icon
2019-06-26 13:05:11 INFO  Log:50 - Sleeping for 1000 milliseconds...
2019-06-26 13:05:12 INFO  Log:50 - Was able to click the Maximise Icon
2019-06-26 13:05:12 INFO  Log:50 - Sleeping for 1000 milliseconds...
2019-06-26 13:05:13 INFO  Log:50 - environment set to: local
2019-06-26 13:06:35 INFO  Log:50 - browser set to: chrome
2019-06-26 13:06:35 INFO  Log:50 - The browser used in this test: chrome
2019-06-26 13:06:35 INFO  Log:50 - The current operating system: WINDOWS 10
2019-06-26 13:06:35 INFO  Log:50 - The current architecture: amd64
2019-06-26 13:06:35 INFO  Log:50 - C:\Users\rdwill\AppData\Local\Google\Chrome\Application\chrome.exe exists!
2019-06-26 13:06:35 INFO  Log:50 - Using C:\Users\rdwill\AppData\Local\Google\Chrome\Application\chrome.exe as the chrome exe location
2019-06-26 13:06:40 INFO  Log:50 - Getting Method name: i_am_Eurosport_Customer
2019-06-26 13:06:40 INFO  Log:50 - url set to: https://video.eurosport.co.uk
2019-06-26 13:06:44 INFO  Log:50 - Navigating to: https://video.eurosport.co.uk
2019-06-26 13:06:44 INFO  Log:50 - Sleeping for 100 milliseconds...
2019-06-26 13:06:44 INFO  Log:50 - Element for I ACCEPT is displayed!
2019-06-26 13:06:44 INFO  Log:50 - Clicking on button named I ACCEPT
2019-06-26 13:06:44 INFO  Log:50 - Getting Method name: on_Videos_Hub_Page
2019-06-26 13:06:44 INFO  Log:50 - Sleeping for 100 milliseconds...
2019-06-26 13:06:45 INFO  Log:50 - Element for Shop Icon is displayed!
2019-06-26 13:06:52 INFO  Log:50 - Navigating to: https://video.eurosport.co.uk/
2019-06-26 13:06:52 INFO  Log:50 - Sleeping for 6000 milliseconds...
2019-06-26 13:07:00 INFO  Log:50 - Clicking on Link containing Text: News Videos
2019-06-26 13:07:00 INFO  Log:50 - The current page title is: Video Eurosport UK
2019-06-26 13:07:00 INFO  Log:50 - Getting Method name: i_select_to_watch_the_videos_from_Tennis_Section
2019-06-26 13:07:00 INFO  Log:50 - Sleeping for 100 milliseconds...
2019-06-26 13:07:01 INFO  Log:50 - Element for All Sports DropDwn List is displayed!
2019-06-26 13:07:01 INFO  Log:50 - Sleeping for 100 milliseconds...
2019-06-26 13:07:01 INFO  Log:50 - Element for All Sports DropDown List is displayed!
2019-06-26 13:07:01 INFO  Log:50 - Clicked on element named: All Sports DropDown List
2019-06-26 13:07:01 INFO  Log:50 - all sports is not the required item. Next...
2019-06-26 13:07:01 INFO  Log:50 - football is not the required item. Next...
2019-06-26 13:07:01 INFO  Log:50 - cycling is not the required item. Next...
2019-06-26 13:07:01 INFO  Log:50 - Tennis is selected from AllSports Dropdown List
2019-06-26 13:07:03 INFO  Log:50 - Navigating to: https://video.eurosport.co.uk/tennis
2019-06-26 13:07:03 INFO  Log:50 - Sleeping for 100 milliseconds...
2019-06-26 13:07:03 INFO  Log:50 - Element for Video On Row1 Column1 is displayed!
2019-06-26 13:07:13 INFO  Log:50 - Clicked on element named: Video On Row1 Column1
2019-06-26 13:07:13 INFO  Log:50 - Getting Method name: the_selected_video_is_playing
2019-06-26 13:07:13 INFO  Log:50 - Sleeping for 30000 milliseconds...
2019-06-26 13:07:43 INFO  Log:50 - Source: null
2019-06-26 13:07:43 INFO  Log:50 - Sleeping for 12000 milliseconds...
2019-06-26 13:07:55 INFO  Log:50 - Pausing Video...
2019-06-26 13:07:55 INFO  Log:50 - Sleeping for 100 milliseconds...
2019-06-26 13:07:55 INFO  Log:50 - Sleeping for 1000 milliseconds...
2019-06-26 13:07:56 INFO  Log:50 - Getting Method name: the_following_player_controls_are_displayed
2019-06-26 13:07:57 INFO  Log:50 - Was able to click the PlayPause Icon
2019-06-26 13:07:57 INFO  Log:50 - Sleeping for 1000 milliseconds...
2019-06-26 13:07:58 INFO  Log:50 - environment set to: local
2019-06-26 13:08:53 INFO  Log:50 - browser set to: chrome
2019-06-26 13:08:53 INFO  Log:50 - The browser used in this test: chrome
2019-06-26 13:08:53 INFO  Log:50 - The current operating system: WINDOWS 10
2019-06-26 13:08:53 INFO  Log:50 - The current architecture: amd64
2019-06-26 13:08:53 INFO  Log:50 - C:\Users\rdwill\AppData\Local\Google\Chrome\Application\chrome.exe exists!
2019-06-26 13:08:53 INFO  Log:50 - Using C:\Users\rdwill\AppData\Local\Google\Chrome\Application\chrome.exe as the chrome exe location
2019-06-26 13:08:58 INFO  Log:50 - Getting Method name: i_am_Eurosport_Customer
2019-06-26 13:08:58 INFO  Log:50 - url set to: https://video.eurosport.co.uk
2019-06-26 13:09:03 INFO  Log:50 - Navigating to: https://video.eurosport.co.uk
2019-06-26 13:09:03 INFO  Log:50 - Sleeping for 100 milliseconds...
2019-06-26 13:09:03 INFO  Log:50 - Element for I ACCEPT is displayed!
2019-06-26 13:09:03 INFO  Log:50 - Clicking on button named I ACCEPT
2019-06-26 13:09:03 INFO  Log:50 - Getting Method name: on_Videos_Hub_Page
2019-06-26 13:09:03 INFO  Log:50 - Sleeping for 100 milliseconds...
2019-06-26 13:09:03 INFO  Log:50 - Element for Shop Icon is displayed!
2019-06-26 13:09:06 INFO  Log:50 - Navigating to: https://video.eurosport.co.uk/
2019-06-26 13:09:06 INFO  Log:50 - Sleeping for 6000 milliseconds...
2019-06-26 13:09:14 INFO  Log:50 - Clicking on Link containing Text: News Videos
2019-06-26 13:09:14 INFO  Log:50 - The current page title is: Video Eurosport UK
2019-06-26 13:09:14 INFO  Log:50 - Getting Method name: i_select_to_watch_the_videos_from_Tennis_Section
2019-06-26 13:09:14 INFO  Log:50 - Sleeping for 100 milliseconds...
2019-06-26 13:09:14 INFO  Log:50 - Element for All Sports DropDwn List is displayed!
2019-06-26 13:09:14 INFO  Log:50 - Sleeping for 100 milliseconds...
2019-06-26 13:09:14 INFO  Log:50 - Element for All Sports DropDown List is displayed!
2019-06-26 13:09:15 INFO  Log:50 - Clicked on element named: All Sports DropDown List
2019-06-26 13:09:15 INFO  Log:50 - all sports is not the required item. Next...
2019-06-26 13:09:15 INFO  Log:50 - football is not the required item. Next...
2019-06-26 13:09:15 INFO  Log:50 - cycling is not the required item. Next...
2019-06-26 13:09:15 INFO  Log:50 - Tennis is selected from AllSports Dropdown List
2019-06-26 13:09:17 INFO  Log:50 - Navigating to: https://video.eurosport.co.uk/tennis
2019-06-26 13:09:17 INFO  Log:50 - Sleeping for 100 milliseconds...
2019-06-26 13:09:17 INFO  Log:50 - Element for Video On Row1 Column1 is displayed!
2019-06-26 13:09:20 INFO  Log:50 - Clicked on element named: Video On Row1 Column1
2019-06-26 13:09:20 INFO  Log:50 - Getting Method name: the_selected_video_is_playing
2019-06-26 13:09:20 INFO  Log:50 - Sleeping for 30000 milliseconds...
2019-06-26 13:09:50 INFO  Log:50 - Source: null
2019-06-26 13:09:50 INFO  Log:50 - Sleeping for 12000 milliseconds...
2019-06-26 13:10:02 INFO  Log:50 - Pausing Video...
2019-06-26 13:10:02 INFO  Log:50 - Sleeping for 100 milliseconds...
2019-06-26 13:10:03 INFO  Log:50 - Sleeping for 1000 milliseconds...
2019-06-26 13:10:04 INFO  Log:50 - Getting Method name: the_following_player_controls_are_displayed
2019-06-26 13:31:53 INFO  Log:50 - browser set to: chrome
2019-06-26 13:31:53 INFO  Log:50 - The browser used in this test: chrome
2019-06-26 13:31:53 INFO  Log:50 - The current operating system: WINDOWS 10
2019-06-26 13:31:53 INFO  Log:50 - The current architecture: amd64
2019-06-26 13:31:53 INFO  Log:50 - C:\Users\rdwill\AppData\Local\Google\Chrome\Application\chrome.exe exists!
2019-06-26 13:31:53 INFO  Log:50 - Using C:\Users\rdwill\AppData\Local\Google\Chrome\Application\chrome.exe as the chrome exe location
2019-06-26 13:31:58 INFO  Log:50 - Getting Method name: i_am_Eurosport_Customer
2019-06-26 13:31:58 INFO  Log:50 - url set to: https://video.eurosport.co.uk
2019-06-26 13:33:01 INFO  Log:50 - Navigating to: https://video.eurosport.co.uk
2019-06-26 13:33:01 INFO  Log:50 - Sleeping for 100 milliseconds...
2019-06-26 13:33:01 INFO  Log:50 - Element for I ACCEPT is displayed!
2019-06-26 13:33:02 INFO  Log:50 - Clicking on button named I ACCEPT
2019-06-26 13:33:02 INFO  Log:50 - Getting Method name: on_Videos_Hub_Page
2019-06-26 13:33:02 INFO  Log:50 - Sleeping for 100 milliseconds...
2019-06-26 13:33:02 INFO  Log:50 - Element for Shop Icon is displayed!
2019-06-26 13:33:05 INFO  Log:50 - Navigating to: https://video.eurosport.co.uk/
2019-06-26 13:33:05 INFO  Log:50 - Sleeping for 6000 milliseconds...
2019-06-26 13:33:15 INFO  Log:50 - Clicking on Link containing Text: News Videos
2019-06-26 13:33:15 INFO  Log:50 - The current page title is: Video Eurosport UK
2019-06-26 13:33:15 INFO  Log:50 - Getting Method name: i_select_to_watch_the_videos_from_Tennis_Section
2019-06-26 13:33:15 INFO  Log:50 - Sleeping for 100 milliseconds...
2019-06-26 13:33:15 INFO  Log:50 - Element for All Sports DropDwn List is displayed!
2019-06-26 13:33:15 INFO  Log:50 - Sleeping for 100 milliseconds...
2019-06-26 13:33:15 INFO  Log:50 - Element for All Sports DropDown List is displayed!
2019-06-26 13:33:15 INFO  Log:50 - Clicked on element named: All Sports DropDown List
2019-06-26 13:33:15 INFO  Log:50 - all sports is not the required item. Next...
2019-06-26 13:33:15 INFO  Log:50 - football is not the required item. Next...
2019-06-26 13:33:15 INFO  Log:50 - cycling is not the required item. Next...
2019-06-26 13:33:15 INFO  Log:50 - Tennis is selected from AllSports Dropdown List
2019-06-26 13:33:18 INFO  Log:50 - Navigating to: https://video.eurosport.co.uk/tennis
2019-06-26 13:33:18 INFO  Log:50 - Sleeping for 100 milliseconds...
2019-06-26 13:33:18 INFO  Log:50 - Element for Video On Row1 Column1 is displayed!
2019-06-26 13:33:22 INFO  Log:50 - Clicked on element named: Video On Row1 Column1
2019-06-26 13:33:22 INFO  Log:50 - Getting Method name: the_selected_video_is_playing
2019-06-26 13:33:22 INFO  Log:50 - Sleeping for 30000 milliseconds...
2019-06-26 13:33:52 INFO  Log:50 - Sleeping for 12000 milliseconds...
2019-06-26 13:34:04 INFO  Log:50 - Pausing Video...
2019-06-26 13:34:04 INFO  Log:50 - Sleeping for 100 milliseconds...
2019-06-26 13:34:04 INFO  Log:50 - Sleeping for 1000 milliseconds...
2019-06-26 13:34:05 INFO  Log:50 - Getting Method name: the_following_player_controls_are_displayed
2019-06-26 13:34:05 INFO  Log:50 - Was able to click the PlayPause Icon
2019-06-26 13:34:05 INFO  Log:50 - Sleeping for 1000 milliseconds...
2019-06-26 13:34:06 INFO  Log:50 - Was able to click the PlayPause Icon
2019-06-26 13:34:06 INFO  Log:50 - Sleeping for 1000 milliseconds...
2019-06-26 13:34:08 INFO  Log:50 - Was able to click the Maximise Icon
2019-06-26 13:34:08 INFO  Log:50 - Sleeping for 1000 milliseconds...
2019-06-26 13:34:09 INFO  Log:50 - environment set to: local
2019-06-26 13:37:44 INFO  Log:50 - browser set to: chrome
2019-06-26 13:37:44 INFO  Log:50 - The browser used in this test: chrome
2019-06-26 13:37:44 INFO  Log:50 - The current operating system: WINDOWS 10
2019-06-26 13:37:44 INFO  Log:50 - The current architecture: amd64
2019-06-26 13:37:44 INFO  Log:50 - C:\Users\rdwill\AppData\Local\Google\Chrome\Application\chrome.exe exists!
2019-06-26 13:37:44 INFO  Log:50 - Using C:\Users\rdwill\AppData\Local\Google\Chrome\Application\chrome.exe as the chrome exe location
2019-06-26 13:37:49 INFO  Log:50 - Getting Method name: i_am_Eurosport_Customer
2019-06-26 13:37:49 INFO  Log:50 - url set to: https://video.eurosport.co.uk
2019-06-26 13:37:53 INFO  Log:50 - Navigating to: https://video.eurosport.co.uk
2019-06-26 13:37:53 INFO  Log:50 - Sleeping for 100 milliseconds...
2019-06-26 13:37:53 INFO  Log:50 - Element for I ACCEPT is displayed!
2019-06-26 13:37:53 INFO  Log:50 - Clicking on button named I ACCEPT
2019-06-26 13:37:53 INFO  Log:50 - Getting Method name: on_Videos_Hub_Page
2019-06-26 13:37:53 INFO  Log:50 - Sleeping for 100 milliseconds...
2019-06-26 13:37:53 INFO  Log:50 - Element for Shop Icon is displayed!
2019-06-26 13:38:00 INFO  Log:50 - Navigating to: https://video.eurosport.co.uk/
2019-06-26 13:38:00 INFO  Log:50 - Sleeping for 6000 milliseconds...
2019-06-26 13:38:09 INFO  Log:50 - Clicking on Link containing Text: News Videos
2019-06-26 13:38:09 INFO  Log:50 - The current page title is: Video Eurosport UK
2019-06-26 13:38:09 INFO  Log:50 - Getting Method name: i_select_to_watch_the_videos_from_Tennis_Section
2019-06-26 13:38:09 INFO  Log:50 - Sleeping for 100 milliseconds...
2019-06-26 13:38:09 INFO  Log:50 - Element for All Sports DropDwn List is displayed!
2019-06-26 13:38:09 INFO  Log:50 - Sleeping for 100 milliseconds...
2019-06-26 13:38:09 INFO  Log:50 - Element for All Sports DropDown List is displayed!
2019-06-26 13:38:09 INFO  Log:50 - Clicked on element named: All Sports DropDown List
2019-06-26 13:38:09 INFO  Log:50 - all sports is not the required item. Next...
2019-06-26 13:38:09 INFO  Log:50 - football is not the required item. Next...
2019-06-26 13:38:09 INFO  Log:50 - cycling is not the required item. Next...
2019-06-26 13:38:09 INFO  Log:50 - Tennis is selected from AllSports Dropdown List
2019-06-26 13:38:12 INFO  Log:50 - Navigating to: https://video.eurosport.co.uk/tennis
2019-06-26 13:38:12 INFO  Log:50 - Sleeping for 100 milliseconds...
2019-06-26 13:38:12 INFO  Log:50 - Element for Video On Row1 Column1 is displayed!
2019-06-26 13:38:20 INFO  Log:50 - Clicked on element named: Video On Row1 Column1
2019-06-26 13:38:20 INFO  Log:50 - Getting Method name: the_selected_video_is_playing
2019-06-26 13:38:20 INFO  Log:50 - Sleeping for 30000 milliseconds...
2019-06-26 13:38:51 INFO  Log:50 - Sleeping for 12000 milliseconds...
2019-06-26 13:39:03 INFO  Log:50 - Pausing Video...
2019-06-26 13:39:03 INFO  Log:50 - Sleeping for 100 milliseconds...
2019-06-26 13:39:03 INFO  Log:50 - Sleeping for 1000 milliseconds...
2019-06-26 13:39:04 INFO  Log:50 - Getting Method name: the_following_player_controls_are_displayed
2019-06-26 13:39:04 INFO  Log:50 - Was able to click the PlayPause Icon
2019-06-26 13:39:04 INFO  Log:50 - Sleeping for 1000 milliseconds...
2019-06-26 13:39:05 INFO  Log:50 - Was able to click the PlayPause Icon
2019-06-26 13:39:05 INFO  Log:50 - Sleeping for 1000 milliseconds...
2019-06-26 13:39:06 INFO  Log:50 - Was able to click the Maximise Icon
2019-06-26 13:39:06 INFO  Log:50 - Sleeping for 1000 milliseconds...
2019-06-26 13:39:08 INFO  Log:50 - environment set to: local
